d:\qtdemo\jgsoft\jgsoft\components\debug\vc141.pdb
d:\qtdemo\jgsoft\jgsoft\components\debug\moc_customcollectionwidget.obj
d:\qtdemo\jgsoft\jgsoft\components\debug\moc_cuiradiobuttonwidget.obj
d:\qtdemo\jgsoft\jgsoft\components\debug\moc_cuilineeditwidget.obj
d:\qtdemo\jgsoft\jgsoft\components\debug\moc_cuicomboboxwidget.obj
d:\qtdemo\jgsoft\jgsoft\components\debug\main.obj
d:\qtdemo\jgsoft\jgsoft\components\debug\customcollectionwidget.obj
d:\qtdemo\jgsoft\jgsoft\components\debug\customclass.obj
d:\qtdemo\jgsoft\jgsoft\components\debug\cuiradiobuttonwidget.obj
d:\qtdemo\jgsoft\jgsoft\components\debug\cuilineeditwidget.obj
d:\qtdemo\jgsoft\jgsoft\components\debug\cuicomboboxwidget.obj
d:\qtdemo\jgsoft\jgsoft\components\debug\argumentsclass.obj
d:\qtdemo\jgsoft\jgsoft\components\debug\abstructcustomclass.obj
d:\qtdemo\jgsoft\jgsoft\components\debug\moc_cuicomboboxwidget.cpp
d:\qtdemo\jgsoft\jgsoft\components\debug\moc_cuilineeditwidget.cpp
d:\qtdemo\jgsoft\jgsoft\components\debug\moc_cuiradiobuttonwidget.cpp
d:\qtdemo\jgsoft\jgsoft\components\debug\moc_customcollectionwidget.cpp
d:\qtdemo\jgsoft\jgsoft\components\debug\moc_predefs.h
d:\qtdemo\jgsoft\jgsoft\components\debug\components.exe
d:\qtdemo\jgsoft\jgsoft\components\debug\components.ilk
d:\qtdemo\jgsoft\jgsoft\components\debug\components.pdb
d:\qtdemo\jgsoft\jgsoft\components\debug\components.tlog\cl.command.1.tlog
d:\qtdemo\jgsoft\jgsoft\components\debug\components.tlog\cl.read.1.tlog
d:\qtdemo\jgsoft\jgsoft\components\debug\components.tlog\cl.write.1.tlog
d:\qtdemo\jgsoft\jgsoft\components\debug\components.tlog\components.write.1u.tlog
d:\qtdemo\jgsoft\jgsoft\components\debug\components.tlog\custombuild.command.1.tlog
d:\qtdemo\jgsoft\jgsoft\components\debug\components.tlog\custombuild.read.1.tlog
d:\qtdemo\jgsoft\jgsoft\components\debug\components.tlog\custombuild.write.1.tlog
d:\qtdemo\jgsoft\jgsoft\components\debug\components.tlog\link.command.1.tlog
d:\qtdemo\jgsoft\jgsoft\components\debug\components.tlog\link.read.1.tlog
d:\qtdemo\jgsoft\jgsoft\components\debug\components.tlog\link.write.1.tlog
